# JRE version: Java(TM) SE Runtime Environment (8.0_191-b12) (build 1.8.0_191-b12)
# Java VM: Java HotSpot(TM) 64-Bit Server VM (25.191-b12 mixed mode linux-amd64 compressed oops)
Heap:
 garbage-first heap   total 472064K, used 65536K [0x00000000c0000000, 0x00000000c0100e68, 0x0000000100000000)
  region size 1024K, 7 young (7168K), 7 survivors (7168K)
 Metaspace       used 47928K, capacity 50496K, committed 50764K, reserved 1093632K
  class space    used 4934K, capacity 5677K, committed 5708K, reserved 1048576K
GC Heap History (10 events):
Event: 25,500 GC heap after
Heap after GC invocations=29 (full 0):
 garbage-first heap   total 81920K, used 49152K [0x00000000c0000000, 0x00000000c0100280, 0x0000000100000000)
  region size 1024K, 1 young (1024K), 1 survivors (1024K)
 Metaspace       used 45901K, capacity 48210K, committed 48332K, reserved 1091584K
  class space    used 4823K, capacity 5562K, committed 5580K, reserved 1048576K
}
Event: 25,580 GC heap before
{Heap before GC invocations=29 (full 0):
 garbage-first heap   total 81920K, used 52224K [0x00000000c0000000, 0x00000000c0100280, 0x0000000100000000)
  region size 1024K, 4 young (4096K), 1 survivors (1024K)
 Metaspace       used 46012K, capacity 48486K, committed 48588K, reserved 1091584K
  class space    used 4832K, capacity 5566K, committed 5580K, reserved 1048576K
Event: 25,660 GC heap after
Heap after GC invocations=30 (full 0):
 garbage-first heap   total 81920K, used 46080K [0x00000000c0000000, 0x00000000c0100280, 0x0000000100000000)
  region size 1024K, 1 young (1024K), 1 survivors (1024K)
 Metaspace       used 46012K, capacity 48486K, committed 48588K, reserved 1091584K
  class space    used 4832K, capacity 5566K, committed 5580K, reserved 1048576K
}
Event: 25,717 GC heap before
{Heap before GC invocations=30 (full 0):
 garbage-first heap   total 81920K, used 49152K [0x00000000c0000000, 0x00000000c0100280, 0x0000000100000000)
  region size 1024K, 4 young (4096K), 1 survivors (1024K)
 Metaspace       used 46029K, capacity 48550K, committed 48588K, reserved 1091584K
  class space    used 4832K, capacity 5566K, committed 5580K, reserved 1048576K
Event: 25,755 GC heap after
Heap after GC invocations=31 (full 0):
 garbage-first heap   total 81920K, used 46592K [0x00000000c0000000, 0x00000000c0100280, 0x0000000100000000)
  region size 1024K, 1 young (1024K), 1 survivors (1024K)
 Metaspace       used 46029K, capacity 48550K, committed 48588K, reserved 1091584K
  class space    used 4832K, capacity 5566K, committed 5580K, reserved 1048576K
}
Event: 26,290 GC heap before
{Heap before GC invocations=31 (full 0):
 garbage-first heap   total 81920K, used 69120K [0x00000000c0000000, 0x00000000c0100280, 0x0000000100000000)
  region size 1024K, 23 young (23552K), 1 survivors (1024K)
 Metaspace       used 46219K, capacity 48690K, committed 48844K, reserved 1093632K
  class space    used 4833K, capacity 5568K, committed 5580K, reserved 1048576K
Event: 26,323 GC heap after
Heap after GC invocations=32 (full 0):
 garbage-first heap   total 163840K, used 50688K [0x00000000c0000000, 0x00000000c0100500, 0x0000000100000000)
  region size 1024K, 3 young (3072K), 3 survivors (3072K)
 Metaspace       used 46219K, capacity 48690K, committed 48844K, reserved 1093632K
  class space    used 4833K, capacity 5568K, committed 5580K, reserved 1048576K
}
Event: 28,622 GC heap before
{Heap before GC invocations=32 (full 0):
 garbage-first heap   total 163840K, used 131584K [0x00000000c0000000, 0x00000000c0100500, 0x0000000100000000)
  region size 1024K, 82 young (83968K), 3 survivors (3072K)
 Metaspace       used 46695K, capacity 49208K, committed 49356K, reserved 1093632K
  class space    used 4842K, capacity 5569K, committed 5580K, reserved 1048576K
Event: 28,894 GC heap after
Heap after GC invocations=33 (full 0):
 garbage-first heap   total 327680K, used 58368K [0x00000000c0000000, 0x00000000c0100a00, 0x0000000100000000)
  region size 1024K, 11 young (11264K), 11 survivors (11264K)
 Metaspace       used 46695K, capacity 49208K, committed 49356K, reserved 1093632K
  class space    used 4842K, capacity 5569K, committed 5580K, reserved 1048576K
}
Event: 31,701 GC heap before
{Heap before GC invocations=33 (full 0):
 garbage-first heap   total 327680K, used 108544K [0x00000000c0000000, 0x00000000c0100a00, 0x0000000100000000)
  region size 1024K, 60 young (61440K), 11 survivors (11264K)
 Metaspace       used 47928K, capacity 50496K, committed 50764K, reserved 1093632K
  class space    used 4934K, capacity 5677K, committed 5708K, reserved 1048576K

